FUNCTION  <SNR>1_LoadFTPlugin()
    Defined: /nix/store/62nlxbqim2rgahbid2g7q5aryvzayycm-neovim-unwrapped-0.9.5/share/nvim/runtime/ftplugin.vim:14
Called 98 times
Total time:   0.183777
 Self time:   0.183777

count  total (s)   self (s)
   98              0.000444     if exists("b:undo_ftplugin")
                                  exe b:undo_ftplugin
                                  unlet! b:undo_ftplugin b:did_ftplugin
   98              0.000075     endif
                            
   98              0.000329     let s = expand("<amatch>")
   98              0.000144     if s != ""
   98              0.000760       if &cpo =~# "S" && exists("b:did_ftplugin")
                            	" In compatible mode options are reset to the global values, need to
                            	" set the local values also when a plugin was already used.
                            	unlet b:did_ftplugin
   98              0.000042       endif
                            
                                  " When there is a dot it is used to separate filetype names.  Thus for
                                  " "aaa.bbb" load "aaa" and then "bbb".
  196              0.000558       for name in split(s, '\.')
                                    " Load Lua ftplugins after Vim ftplugins _per directory_
                                    " TODO(clason): use nvim__get_runtime when supports globs and modeline
   98              0.180080         exe printf('runtime! ftplugin/%s.vim ftplugin/%s.lua ftplugin/%s_*.vim ftplugin/%s_*.lua ftplugin/%s/*.vim ftplugin/%s/*.lua', name, name, name, name, name, name)
  196              0.000190       endfor
   98              0.000050     endif

FUNCTION  <SNR>12_Remove_Matches()
    Defined: /nix/store/62nlxbqim2rgahbid2g7q5aryvzayycm-neovim-unwrapped-0.9.5/share/nvim/runtime/plugin/matchparen.vim:197
Called 7 times
Total time:   0.000064
 Self time:   0.000064

count  total (s)   self (s)
    7              0.000029   if exists('w:paren_hl_on') && w:paren_hl_on
                                silent! call matchdelete(3)
                                let w:paren_hl_on = 0
    7              0.000005   endif

FUNCTION  <SNR>7_SynSet()
    Defined: /nix/store/62nlxbqim2rgahbid2g7q5aryvzayycm-neovim-unwrapped-0.9.5/share/nvim/runtime/syntax/synload.vim:26
Called 98 times
Total time:   0.094120
 Self time:   0.094120

count  total (s)   self (s)
                              " clear syntax for :set syntax=OFF  and any syntax name that doesn't exist
   98              0.000242   syn clear
   98              0.000159   if exists("b:current_syntax")
                                unlet b:current_syntax
   98              0.000045   endif
                            
   98              0.000244   0verbose let s = expand("<amatch>")
   98              0.000120   if s == "ON"
                                " :set syntax=ON
                                if &filetype == ""
                                  echohl ErrorMsg
                                  echo "filetype unknown"
                                  echohl None
                                endif
                                let s = &filetype
   98              0.000096   elseif s == "OFF"
                                let s = ""
   98              0.000032   endif
                            
   98              0.000067   if s != ""
                                " Load the syntax file(s).  When there are several, separated by dots,
                                " load each in sequence.  Skip empty entries.
  196              0.000481     for name in split(s, '\.')
   98              0.000158       if !empty(name)
   98              0.046479         exe "runtime! syntax/" . name . ".vim syntax/" . name . "/*.vim"
   98              0.044558         exe "runtime! syntax/" . name . ".lua syntax/" . name . "/*.lua"
   98              0.000048       endif
  196              0.000135     endfor
   98              0.000039   endif

FUNCTION  <SNR>12_Highlight_Matching_Pair()
    Defined: /nix/store/62nlxbqim2rgahbid2g7q5aryvzayycm-neovim-unwrapped-0.9.5/share/nvim/runtime/plugin/matchparen.vim:39
Called 7 times
Total time:   0.000231
 Self time:   0.000167

count  total (s)   self (s)
                              " Remove any previous match.
    7   0.000095   0.000031   call s:Remove_Matches()
                            
                              " Avoid that we remove the popup menu.
                              " Return when there are no colors (looks like the cursor jumps).
    7              0.000020   if pumvisible() || (&t_Co < 8 && !has("gui_running"))
    5              0.000005     return
    2              0.000001   endif
                            
                              " Get the character under the cursor and check if it's in 'matchpairs'.
    2              0.000005   let c_lnum = line('.')
    2              0.000004   let c_col = col('.')
    2              0.000001   let before = 0
                            
    2              0.000005   let text = getline(c_lnum)
    2              0.000020   let matches = matchlist(text, '\(.\)\=\%'.c_col.'c\(.\=\)')
    2              0.000004   if empty(matches)
                                let [c_before, c] = ['', '']
    2              0.000001   else
    2              0.000007     let [c_before, c] = matches[1:2]
    2              0.000001   endif
    2              0.000017   let plist = split(&matchpairs, '.\zs[:,]')
    2              0.000004   let i = index(plist, c)
    2              0.000002   if i < 0
                                " not found, in Insert mode try character before the cursor
    2              0.000004     if c_col > 1 && (mode() == 'i' || mode() == 'R')
                                  let before = strlen(c_before)
                                  let c = c_before
                                  let i = index(plist, c)
    2              0.000001     endif
    2              0.000001     if i < 0
                                  " not found, nothing to do
    2              0.000002       return
                                endif
                              endif
                            
                              " Figure out the arguments for searchpairpos().
                              if i % 2 == 0
                                let s_flags = 'nW'
                                let c2 = plist[i + 1]
                              else
                                let s_flags = 'nbW'
                                let c2 = c
                                let c = plist[i - 1]
                              endif
                              if c == '['
                                let c = '\['
                                let c2 = '\]'
                              endif
                            
                              " Find the match.  When it was just before the cursor move it there for a
                              " moment.
                              if before > 0
                                let has_getcurpos = exists("*getcurpos")
                                if has_getcurpos
                                  " getcurpos() is more efficient but doesn't exist before 7.4.313.
                                  let save_cursor = getcurpos()
                                else
                                  let save_cursor = winsaveview()
                                endif
                                call cursor(c_lnum, c_col - before)
                              endif
                            
                              if !has("syntax") || !exists("g:syntax_on")
                                let s_skip = "0"
                              else
                                " Build an expression that detects whether the current cursor position is
                                " in certain syntax types (string, comment, etc.), for use as
                                " searchpairpos()'s skip argument.
                                " We match "escape" for special items, such as lispEscapeSpecial, and
                                " match "symbol" for lispBarSymbol.
                                let s_skip = 'synstack(".", col("."))' . '->indexof({_, id -> synIDattr(id, "name") =~? ' . '"string\\|character\\|singlequote\\|escape\\|symbol\\|comment"}) >= 0'
                                " If executing the expression determines that the cursor is currently in
                                " one of the syntax types, then we want searchpairpos() to find the pair
                                " within those syntax types (i.e., not skip).  Otherwise, the cursor is
                                " outside of the syntax types and s_skip should keep its value so we skip
                                " any matching pair inside the syntax types.
                                " Catch if this throws E363: pattern uses more memory than 'maxmempattern'.
                                try
                                  execute 'if ' . s_skip . ' | let s_skip = "0" | endif'
                                catch /^Vim\%((\a\+)\)\=:E363/
                                  " We won't find anything, so skip searching, should keep Vim responsive.
                                  return
                                endtry
                              endif
                            
                              " Limit the search to lines visible in the window.
                              let stoplinebottom = line('w$')
                              let stoplinetop = line('w0')
                              if i % 2 == 0
                                let stopline = stoplinebottom
                              else
                                let stopline = stoplinetop
                              endif
                            
                              " Limit the search time to 300 msec to avoid a hang on very long lines.
                              " This fails when a timeout is not supported.
                              if mode() == 'i' || mode() == 'R'
                                let timeout = exists("b:matchparen_insert_timeout") ? b:matchparen_insert_timeout : g:matchparen_insert_timeout
                              else
                                let timeout = exists("b:matchparen_timeout") ? b:matchparen_timeout : g:matchparen_timeout
                              endif
                              try
                                let [m_lnum, m_col] = searchpairpos(c, '', c2, s_flags, s_skip, stopline, timeout)
                              catch /E118/
                                " Can't use the timeout, restrict the stopline a bit more to avoid taking
                                " a long time on closed folds and long lines.
                                " The "viewable" variables give a range in which we can scroll while
                                " keeping the cursor at the same position.
                                " adjustedScrolloff accounts for very large numbers of scrolloff.
                                let adjustedScrolloff = min([&scrolloff, (line('w$') - line('w0')) / 2])
                                let bottom_viewable = min([line('$'), c_lnum + &lines - adjustedScrolloff - 2])
                                let top_viewable = max([1, c_lnum-&lines+adjustedScrolloff + 2])
                                " one of these stoplines will be adjusted below, but the current values are
                                " minimal boundaries within the current window
                                if i % 2 == 0
                                  if has("byte_offset") && has("syntax_items") && &smc > 0
                            	let stopbyte = min([line2byte("$"), line2byte(".") + col(".") + &smc * 2])
                            	let stopline = min([bottom_viewable, byte2line(stopbyte)])
                                  else
                            	let stopline = min([bottom_viewable, c_lnum + 100])
                                  endif
                                  let stoplinebottom = stopline
                                else
                                  if has("byte_offset") && has("syntax_items") && &smc > 0
                            	let stopbyte = max([1, line2byte(".") + col(".") - &smc * 2])
                            	let stopline = max([top_viewable, byte2line(stopbyte)])
                                  else
                            	let stopline = max([top_viewable, c_lnum - 100])
                                  endif
                                  let stoplinetop = stopline
                                endif
                                let [m_lnum, m_col] = searchpairpos(c, '', c2, s_flags, s_skip, stopline)
                              endtry
                            
                              if before > 0
                                if has_getcurpos
                                  call setpos('.', save_cursor)
                                else
                                  call winrestview(save_cursor)
                                endif
                              endif
                            
                              " If a match is found setup match highlighting.
                              if m_lnum > 0 && m_lnum >= stoplinetop && m_lnum <= stoplinebottom 
                                if exists('*matchaddpos')
                                  call matchaddpos('MatchParen', [[c_lnum, c_col - before], [m_lnum, m_col]], 10, 3)
                                else
                                  exe '3match MatchParen /\(\%' . c_lnum . 'l\%' . (c_col - before) . 'c\)\|\(\%' . m_lnum . 'l\%' . m_col . 'c\)/'
                                endif
                                let w:paren_hl_on = 1
                              endif

FUNCTION  <SNR>2_LoadIndent()
    Defined: /nix/store/62nlxbqim2rgahbid2g7q5aryvzayycm-neovim-unwrapped-0.9.5/share/nvim/runtime/indent.vim:13
Called 98 times
Total time:   0.036984
 Self time:   0.036984

count  total (s)   self (s)
   98              0.000201     if exists("b:undo_indent")
                                  exe b:undo_indent
                                  unlet! b:undo_indent b:did_indent
   98              0.000041     endif
   98              0.000208     let s = expand("<amatch>")
   98              0.000123     if s != ""
   98              0.000118       if exists("b:did_indent")
                            	unlet b:did_indent
   98              0.000036       endif
                            
                                  " When there is a dot it is used to separate filetype names.  Thus for
                                  " "aaa.bbb" load "indent/aaa.vim" and then "indent/bbb.vim".
  196              0.000384       for name in split(s, '\.')
   98              0.018248         exe 'runtime! indent/' . name . '.vim'
   98              0.016908         exe 'runtime! indent/' . name . '.lua'
  196              0.000112       endfor
   98              0.000037     endif

FUNCTIONS SORTED ON TOTAL TIME
count  total (s)   self (s)  function
   98   0.183777             <SNR>1_LoadFTPlugin()
   98   0.094120             <SNR>7_SynSet()
   98   0.036984             <SNR>2_LoadIndent()
    7   0.000231   0.000167  <SNR>12_Highlight_Matching_Pair()
    7   0.000064             <SNR>12_Remove_Matches()

FUNCTIONS SORTED ON SELF TIME
count  total (s)   self (s)  function
   98              0.183777  <SNR>1_LoadFTPlugin()
   98              0.094120  <SNR>7_SynSet()
   98              0.036984  <SNR>2_LoadIndent()
    7   0.000231   0.000167  <SNR>12_Highlight_Matching_Pair()
    7              0.000064  <SNR>12_Remove_Matches()

